INFO: MineTweaker: Building registry
INFO: MineTweaker: Sucessfully built item registry
INFO: Adding minetweaker command mfr
INFO: Removing minetweaker command mfr
INFO: Adding minetweaker command mfr
INFO: Removing minetweaker command mfr
INFO: Adding minetweaker command mfr
INFO: Adding recipe for Block of Steel
INFO: Removing recipe for Block of Steel
INFO: Removing minetweaker command mfr
INFO: Adding minetweaker command mfr
INFO: Adding recipe for Block of Steel
INFO: Removing 1 recipes
INFO: Restoring 1 recipes
INFO: Removing recipe for Block of Steel
INFO: Removing minetweaker command mfr
INFO: Adding minetweaker command mfr
INFO: Adding recipe for Block of Steel
INFO: Removing 1 recipes
INFO: Restoring 1 recipes
INFO: Removing recipe for Block of Steel
INFO: Removing minetweaker command mfr
INFO: Adding minetweaker command mfr
INFO: Adding recipe for Block of Steel
INFO: Removing 1 recipes
INFO: Restoring 1 recipes
INFO: Removing recipe for Block of Steel
INFO: Removing minetweaker command mfr
INFO: Adding minetweaker command mfr
INFO: Adding recipe for Block of Steel
INFO: Removing 1 recipes
