[04:08:41] [main/DEBUG] [FML/]: Injecting tracing printstreams for STDOUT/STDERR.
[04:08:41] [main/INFO] [FML/]: Forge Mod Loader version 7.99.39.1566 for Minecraft 1.7.10 loading
[04:08:41] [main/INFO] [FML/]: Java is Java HotSpot(TM) 64-Bit Server VM, version 1.8.0_72, running on Linux:amd64:4.2.6-1-pve, installed at /usr/lib/jvm/java-8-oracle/jre
[04:08:41] [main/DEBUG] [FML/]: Java classpath at launch is ./forge.jar
[04:08:41] [main/DEBUG] [FML/]: Java library path at launch is /usr/java/packages/lib/amd64:/usr/lib64:/lib64:/lib:/usr/lib
[04:08:41] [main/DEBUG] [FML/]: Enabling runtime deobfuscation
[04:08:41] [main/DEBUG] [FML/]: Instantiating coremod class FMLCorePlugin
[04:08:41] [main/DEBUG] [FML/]: Added access transformer class cpw.mods.fml.common.asm.transformers.AccessTransformer to enqueued access transformers
[04:08:41] [main/DEBUG] [FML/]: Enqueued coremod FMLCorePlugin
[04:08:41] [main/DEBUG] [FML/]: Instantiating coremod class FMLForgePlugin
[04:08:41] [main/DEBUG] [FML/]: Added access transformer class net.minecraftforge.transformers.ForgeAccessTransformer to enqueued access transformers
[04:08:41] [main/DEBUG] [FML/]: Enqueued coremod FMLForgePlugin
[04:08:41] [main/DEBUG] [FML/]: All fundamental core mods are successfully located
[04:08:42] [main/DEBUG] [FML/]: Attempting to load commandline specified mods, relative to /home/minecraft/MinecraftServer/MultiMC/instances/1.7.10/minecraft/.
[04:08:42] [main/DEBUG] [FML/]: Discovering coremods
[04:08:42] [main/DEBUG] [FML/]: Examining for coremod candidacy ae2stuff-0.5.0.56-mc1.7.10.jar
[04:08:42] [main/DEBUG] [FML/]: Not found coremod data in ae2stuff-0.5.0.56-mc1.7.10.jar
[04:08:42] [main/DEBUG] [FML/]: Examining for coremod candidacy AOBD-2.9.1.jar
[04:08:42] [main/DEBUG] [FML/]: Not found coremod data in AOBD-2.9.1.jar
[04:08:42] [main/DEBUG] [FML/]: Examining for coremod candidacy AOBDBB-1.0.6.jar
[04:08:42] [main/DEBUG] [FML/]: Not found coremod data in AOBDBB-1.0.6.jar
[04:08:42] [main/DEBUG] [FML/]: Examining for coremod candidacy AppleCore-mc1.7.10-1.3.0.jar
[04:08:42] [main/TRACE] [FML/]: Found FMLCorePluginContainsFMLMod marker in AppleCore-mc1.7.10-1.3.0.jar, it will be examined later for regular @Mod instances
[04:08:42] [main/DEBUG] [FML/]: Instantiating coremod class AppleCore
[04:08:43] [main/DEBUG] [FML/]: The coremod squeek.applecore.AppleCore requested minecraft version 1.7.10 and minecraft is 1.7.10. It will be loaded.
[04:08:43] [main/DEBUG] [FML/]: Enqueued coremod AppleCore
[04:08:43] [main/DEBUG] [FML/]: Examining for coremod candidacy appliedenergistics2-rv2-stable-10.jar
[04:08:43] [main/TRACE] [FML/]: Found FMLCorePluginContainsFMLMod marker in appliedenergistics2-rv2-stable-10.jar, it will be examined later for regular @Mod instances
[04:08:43] [main/DEBUG] [FML/]: Instantiating coremod class AppEngCore
[04:08:43] [main/DEBUG] [FML/]: The coremod appeng.transformer.AppEngCore requested minecraft version 1.7.10 and minecraft is 1.7.10. It will be loaded.
[04:08:43] [main/INFO] [FML/]: [AppEng] Core Init
[04:08:43] [main/DEBUG] [FML/]: Added access transformer class appeng.transformer.asm.ASMTweaker to enqueued access transformers
[04:08:43] [main/DEBUG] [FML/]: Enqueued coremod AppEngCore
[04:08:43] [main/DEBUG] [FML/]: Examining for coremod candidacy BattleTowers-1.7.10.jar
[04:08:43] [main/DEBUG] [FML/]: Not found coremod data in BattleTowers-1.7.10.jar
[04:08:43] [main/DEBUG] [FML/]: Examining for coremod candidacy bdlib-1.9.4.109-mc1.7.10.jar
[04:08:43] [main/DEBUG] [FML/]: Not found coremod data in bdlib-1.9.4.109-mc1.7.10.jar
[04:08:43] [main/DEBUG] [FML/]: Examining for coremod candidacy buildcraft-7.1.14.jar
[04:08:43] [main/DEBUG] [FML/]: Not found coremod data in buildcraft-7.1.14.jar
[04:08:43] [main/DEBUG] [FML/]: Examining for coremod candidacy buildcraft-compat-7.1.3.jar
[04:08:43] [main/DEBUG] [FML/]: Not found coremod data in buildcraft-compat-7.1.3.jar
[04:08:43] [main/DEBUG] [FML/]: Examining for coremod candidacy Carpenter's Blocks v3.3.7 - MC 1.7.10.jar
[04:08:43] [main/DEBUG] [FML/]: Not found coremod data in Carpenter's Blocks v3.3.7 - MC 1.7.10.jar
[04:08:43] [main/DEBUG] [FML/]: Examining for coremod candidacy Chisel-2.9.4.10.jar
[04:08:43] [main/DEBUG] [FML/]: Not found coremod data in Chisel-2.9.4.10.jar
[04:08:43] [main/DEBUG] [FML/]: Examining for coremod candidacy ChiselTones-1.7.10-1.0-3.jar
[04:08:43] [main/DEBUG] [FML/]: Not found coremod data in ChiselTones-1.7.10-1.0-3.jar
[04:08:43] [main/DEBUG] [FML/]: Examining for coremod candidacy chocolateQuest-1.7.10-1.0.jar
[04:08:43] [main/DEBUG] [FML/]: Not found coremod data in chocolateQuest-1.7.10-1.0.jar
[04:08:43] [main/DEBUG] [FML/]: Examining for coremod candidacy CodeChickenCore-1.7.10-1.0.7.47-universal.jar
[04:08:43] [main/TRACE] [FML/]: Adding CodeChickenCore-1.7.10-1.0.7.47-universal.jar to the list of known coremods, it will not be examined again
[04:08:43] [main/DEBUG] [FML/]: Instantiating coremod class CodeChickenCorePlugin
[04:08:43] [main/WARN] [FML/]: The coremod codechicken.core.launch.CodeChickenCorePlugin does not have a MCVersion annotation, it may cause issues with this version of Minecraft
[04:08:43] [main/DEBUG] [FML/]: Added access transformer class codechicken.core.asm.CodeChickenAccessTransformer to enqueued access transformers
[04:08:43] [main/DEBUG] [FML/]: Enqueued coremod CodeChickenCorePlugin
[04:08:43] [main/DEBUG] [FML/]: Examining for coremod candidacy CodeChickenLib-1.7.10-1.1.3.138-universal.jar
[04:08:43] [main/DEBUG] [FML/]: Not found coremod data in CodeChickenLib-1.7.10-1.1.3.138-universal.jar
[04:08:43] [main/DEBUG] [FML/]: Examining for coremod candidacy CoFHCore-[1.7.10]3.1.1-324.jar
[04:08:43] [main/TRACE] [FML/]: Found FMLCorePluginContainsFMLMod marker in CoFHCore-[1.7.10]3.1.1-324.jar, it will be examined later for regular @Mod instances
[04:08:43] [main/DEBUG] [FML/]: Instantiating coremod class LoadingPlugin
[04:08:44] [main/WARN] [FML/]: The coremod cofh.asm.LoadingPlugin does not have a MCVersion annotation, it may cause issues with this version of Minecraft
[04:08:44] [main/DEBUG] [FML/]: Added access transformer class cofh.asm.CoFHAccessTransformer to enqueued access transformers
[04:08:44] [main/DEBUG] [FML/]: Enqueued coremod LoadingPlugin
[04:08:44] [main/DEBUG] [FML/]: Examining for coremod candidacy commons-codec-1.9.jar
[04:08:44] [main/DEBUG] [FML/]: Not found coremod data in commons-codec-1.9.jar
[04:08:44] [main/DEBUG] [FML/]: Examining for coremod candidacy commons-compress-1.8.1.jar
[04:08:44] [main/DEBUG] [FML/]: Not found coremod data in commons-compress-1.8.1.jar
[04:08:44] [main/DEBUG] [FML/]: Examining for coremod candidacy ConvenientRecipes-1.7.10-1.3.1.jar
[04:08:44] [main/DEBUG] [FML/]: Not found coremod data in ConvenientRecipes-1.7.10-1.3.1.jar
[04:08:44] [main/DEBUG] [FML/]: Examining for coremod candidacy CookieCore-1.7.10-1.4.0-11.jar
[04:08:44] [main/TRACE] [FML/]: Found FMLCorePluginContainsFMLMod marker in CookieCore-1.7.10-1.4.0-11.jar, it will be examined later for regular @Mod instances
[04:08:44] [main/DEBUG] [FML/]: Instantiating coremod class CookieCoreASM
[04:08:44] [main/DEBUG] [FML/]: The coremod nf.fr.ephys.cookiecore.common.CookieCoreASM requested minecraft version 1.7.10 and minecraft is 1.7.10. It will be loaded.
[04:08:44] [main/DEBUG] [FML/]: Added access transformer class nf.fr.ephys.cookiecore.common.core.CookieCoreAT to enqueued access transformers
[04:08:44] [main/DEBUG] [FML/]: Enqueued coremod CookieCoreASM
[04:08:44] [main/DEBUG] [FML/]: Examining for coremod candidacy CraftTweaker-Customized-1.7.10-3.0.1.jar
[04:08:44] [main/DEBUG] [FML/]: Not found coremod data in CraftTweaker-Customized-1.7.10-3.0.1.jar
[04:08:44] [main/DEBUG] [FML/]: Examining for coremod candidacy dark_menagerie-1.7.10-beta-3.1a.jar
[04:08:44] [main/DEBUG] [FML/]: Not found coremod data in dark_menagerie-1.7.10-beta-3.1a.jar
[04:08:44] [main/DEBUG] [FML/]: Examining for coremod candidacy denseores-1.6.2.jar
[04:08:44] [main/DEBUG] [FML/]: Not found coremod data in denseores-1.6.2.jar
[04:08:44] [main/DEBUG] [FML/]: Examining for coremod candidacy Ding-MC1.7.10.jar
[04:08:44] [main/DEBUG] [FML/]: Not found coremod data in Ding-MC1.7.10.jar
[04:08:44] [main/DEBUG] [FML/]: Examining for coremod candidacy EnchantingPlus-1.7.10-3.0.2-d.jar
[04:08:44] [main/DEBUG] [FML/]: Not found coremod data in EnchantingPlus-1.7.10-3.0.2-d.jar
[04:08:44] [main/DEBUG] [FML/]: Examining for coremod candidacy EnderCore-1.7.10-0.2.0.31_beta.jar
[04:08:44] [main/TRACE] [FML/]: Found FMLCorePluginContainsFMLMod marker in EnderCore-1.7.10-0.2.0.31_beta.jar, it will be examined later for regular @Mod instances
[04:08:44] [main/DEBUG] [FML/]: Instantiating coremod class EnderCorePlugin
[04:08:44] [main/DEBUG] [FML/]: The coremod com.enderio.core.common.transform.EnderCorePlugin requested minecraft version 1.7.10 and minecraft is 1.7.10. It will be loaded.
[04:08:44] [main/DEBUG] [FML/]: Enqueued coremod EnderCorePlugin
[04:08:44] [main/DEBUG] [FML/]: Examining for coremod candidacy EnderTech-1.7.10-0.3.2.405.jar
[04:08:44] [main/DEBUG] [FML/]: Not found coremod data in EnderTech-1.7.10-0.3.2.405.jar
[04:08:44] [main/DEBUG] [FML/]: Examining for coremod candidacy EnderZoo-1.7.10-1.0.15.32.jar
[04:08:44] [main/DEBUG] [FML/]: Not found coremod data in EnderZoo-1.7.10-1.0.15.32.jar
[04:08:44] [main/DEBUG] [FML/]: Examining for coremod candidacy EquivalentEnergistics - 0.6 - 1.7.10.jar
[04:08:44] [main/DEBUG] [FML/]: Not found coremod data in EquivalentEnergistics - 0.6 - 1.7.10.jar
[04:08:44] [main/DEBUG] [FML/]: Examining for coremod candidacy ExtraCells-1.7.10-2.3.9b188.jar
[04:08:44] [main/DEBUG] [FML/]: Not found coremod data in ExtraCells-1.7.10-2.3.9b188.jar
[04:08:44] [main/DEBUG] [FML/]: Examining for coremod candidacy ExtraTiC-1.7.10-1.4.5.jar
[04:08:44] [main/DEBUG] [FML/]: Not found coremod data in ExtraTiC-1.7.10-1.4.5.jar
[04:08:44] [main/DEBUG] [FML/]: Examining for coremod candidacy FinndusFillies-1.7.10-universal-2.1.0.12.jar
[04:08:44] [main/DEBUG] [FML/]: Not found coremod data in FinndusFillies-1.7.10-universal-2.1.0.12.jar
[04:08:44] [main/DEBUG] [FML/]: Examining for coremod candidacy Flaxbeard'sSteamPower-1.7.10-0.28.12.jar
[04:08:44] [main/DEBUG] [FML/]: Not found coremod data in Flaxbeard'sSteamPower-1.7.10-0.28.12.jar
[04:08:44] [main/DEBUG] [FML/]: Examining for coremod candidacy forestry_1.7.10-4.2.7.55.jar
[04:08:44] [main/INFO] [FML/]: Loading tweaker forestry.shade.javacheck.Java7Checker from forestry_1.7.10-4.2.7.55.jar
[04:08:44] [main/DEBUG] [FML/]: Examining for coremod candidacy ForgeMultipart-1.7.10-1.2.0.345-universal.jar
[04:08:44] [main/TRACE] [FML/]: Found FMLCorePluginContainsFMLMod marker in ForgeMultipart-1.7.10-1.2.0.345-universal.jar, it will be examined later for regular @Mod instances
[04:08:44] [main/DEBUG] [FML/]: Instantiating coremod class DepLoader
[04:08:44] [main/WARN] [FML/]: The coremod codechicken.core.launch.DepLoader does not have a MCVersion annotation, it may cause issues with this version of Minecraft
[04:08:44] [main/DEBUG] [FML/]: Enqueued coremod DepLoader
[04:08:44] [main/DEBUG] [FML/]: Examining for coremod candidacy funky-locomotion-1.7.10-beta-7.jar
[04:08:44] [main/DEBUG] [FML/]: Not found coremod data in funky-locomotion-1.7.10-beta-7.jar
[04:08:44] [main/DEBUG] [FML/]: Examining for coremod candidacy gendustry-1.6.3.132-mc1.7.10.jar
[04:08:44] [main/DEBUG] [FML/]: Not found coremod data in gendustry-1.6.3.132-mc1.7.10.jar
[04:08:44] [main/DEBUG] [FML/]: Examining for coremod candidacy GraveStone-2.16.0.jar
[04:08:44] [main/DEBUG] [FML/]: Not found coremod data in GraveStone-2.16.0.jar
[04:08:44] [main/DEBUG] [FML/]: Examining for coremod candidacy HardcoreDarkness-MC1.7.10-1.7.jar
[04:08:44] [main/TRACE] [FML/]: Found FMLCorePluginContainsFMLMod marker in HardcoreDarkness-MC1.7.10-1.7.jar, it will be examined later for regular @Mod instances
[04:08:44] [main/DEBUG] [FML/]: Instantiating coremod class LoadingPlugin
[04:08:44] [main/WARN] [FML/]: The coremod lumien.hardcoredarkness.asm.LoadingPlugin does not have a MCVersion annotation, it may cause issues with this version of Minecraft
[04:08:44] [main/DEBUG] [FML/]: Enqueued coremod LoadingPlugin
[04:08:44] [main/DEBUG] [FML/]: Examining for coremod candidacy IguanaTinkerTweaks-1.7.10-2.1.5.jar
[04:08:44] [main/DEBUG] [FML/]: Not found coremod data in IguanaTinkerTweaks-1.7.10-2.1.5.jar
[04:08:44] [main/DEBUG] [FML/]: Examining for coremod candidacy ImmersiveEngineering-0.7.1.2.jar
[04:08:44] [main/DEBUG] [FML/]: Not found coremod data in ImmersiveEngineering-0.7.1.2.jar
[04:08:44] [main/DEBUG] [FML/]: Examining for coremod candidacy immersiveintegration-0.6.6.jar
[04:08:44] [main/DEBUG] [FML/]: Not found coremod data in immersiveintegration-0.6.6.jar
[04:08:44] [main/DEBUG] [FML/]: Examining for coremod candidacy InfiniBows-1.7.10-universal-coremod-1.3.0.20.jar
[04:08:44] [main/TRACE] [FML/]: Adding InfiniBows-1.7.10-universal-coremod-1.3.0.20.jar to the list of known coremods, it will not be examined again
[04:08:44] [main/DEBUG] [FML/]: Instantiating coremod class LoadingPlugin
[04:08:44] [main/DEBUG] [FML/]: The coremod myrathi.infinibows.LoadingPlugin requested minecraft version 1.7.10 and minecraft is 1.7.10. It will be loaded.
[04:08:44] [main/DEBUG] [FML/]: Enqueued coremod LoadingPlugin
[04:08:44] [main/DEBUG] [FML/]: Examining for coremod candidacy INpureCore-[1.7.10]1.0.0B9-62.jar
[04:08:44] [main/TRACE] [FML/]: Found FMLCorePluginContainsFMLMod marker in INpureCore-[1.7.10]1.0.0B9-62.jar, it will be examined later for regular @Mod instances
[04:08:44] [main/DEBUG] [FML/]: Instantiating coremod class INpurePreLoader
[04:08:44] [main/TRACE] [FML/]: coremod named INpurePreLoader is loading
[04:08:44] [main/DEBUG] [FML/]: The coremod info.inpureprojects.core.Preloader.INpurePreLoader requested minecraft version 1.7.10 and minecraft is 1.7.10. It will be loaded.
[04:08:44] [main/DEBUG] [FML/]: Enqueued coremod INpurePreLoader
[04:08:44] [main/DEBUG] [FML/]: Examining for coremod candidacy InventoryTweaks-1.59-dev-152.jar
[04:08:44] [main/TRACE] [FML/]: Found FMLCorePluginContainsFMLMod marker in InventoryTweaks-1.59-dev-152.jar, it will be examined later for regular @Mod instances
[04:08:44] [main/DEBUG] [FML/]: Instantiating coremod class FMLPlugin
[04:08:44] [main/WARN] [FML/]: The coremod invtweaks.forge.asm.FMLPlugin does not have a MCVersion annotation, it may cause issues with this version of Minecraft
[04:08:44] [main/DEBUG] [FML/]: Added access transformer class invtweaks.forge.asm.ITAccessTransformer to enqueued access transformers
[04:08:44] [main/DEBUG] [FML/]: Enqueued coremod FMLPlugin
[04:08:44] [main/DEBUG] [FML/]: Examining for coremod candidacy ironchest-1.7.10-6.0.60.741-universal.jar
[04:08:44] [main/DEBUG] [FML/]: Not found coremod data in ironchest-1.7.10-6.0.60.741-universal.jar
[04:08:44] [main/DEBUG] [FML/]: Examining for coremod candidacy journeymap-1.7.10-5.1.3-unlimited.jar
[04:08:44] [main/DEBUG] [FML/]: Not found coremod data in journeymap-1.7.10-5.1.3-unlimited.jar
[04:08:44] [main/DEBUG] [FML/]: Examining for coremod candidacy logisticspipes-0.9.3.70.jar
[04:08:44] [main/TRACE] [FML/]: Found FMLCorePluginContainsFMLMod marker in logisticspipes-0.9.3.70.jar, it will be examined later for regular @Mod instances
[04:08:44] [main/DEBUG] [FML/]: Instantiating coremod class LogisticsPipesCoreLoader
[04:08:44] [main/WARN] [FML/]: The coremod logisticspipes.asm.LogisticsPipesCoreLoader does not have a MCVersion annotation, it may cause issues with this version of Minecraft
[04:08:44] [main/DEBUG] [FML/]: Added access transformer class logisticspipes.asm.LogisticsAccessTransformer to enqueued access transformers
[04:08:44] [main/DEBUG] [FML/]: Enqueued coremod LogisticsPipesCoreLoader
[04:08:44] [main/DEBUG] [FML/]: Examining for coremod candidacy magicbees-1.7.10-2.4.2.jar
[04:08:44] [main/DEBUG] [FML/]: Not found coremod data in magicbees-1.7.10-2.4.2.jar
[04:08:44] [main/DEBUG] [FML/]: Examining for coremod candidacy magneticraft-0.6.1-final.jar
[04:08:44] [main/DEBUG] [FML/]: Not found coremod data in magneticraft-0.6.1-final.jar
[04:08:44] [main/DEBUG] [FML/]: Examining for coremod candidacy malisiscore-1.7.10-0.14.1.jar
[04:08:44] [main/TRACE] [FML/]: Found FMLCorePluginContainsFMLMod marker in malisiscore-1.7.10-0.14.1.jar, it will be examined later for regular @Mod instances
[04:08:44] [main/DEBUG] [FML/]: Instantiating coremod class MalisisCorePlugin
[04:08:44] [main/WARN] [FML/]: The coremod net.malisis.core.asm.MalisisCorePlugin does not have a MCVersion annotation, it may cause issues with this version of Minecraft
[04:08:44] [main/DEBUG] [FML/]: Added access transformer class net.malisis.core.asm.MalisisCoreAccessTransformer to enqueued access transformers
[04:08:44] [main/DEBUG] [FML/]: Enqueued coremod MalisisCorePlugin
[04:08:44] [main/DEBUG] [FML/]: Examining for coremod candidacy malisisdoors-1.7.10-1.13.0.jar
[04:08:44] [main/DEBUG] [FML/]: Not found coremod data in malisisdoors-1.7.10-1.13.0.jar
[04:08:44] [main/DEBUG] [FML/]: Examining for coremod candidacy Mantle-1.7.10-0.3.2b.jar
[04:08:44] [main/DEBUG] [FML/]: Not found coremod data in Mantle-1.7.10-0.3.2b.jar
[04:08:44] [main/DEBUG] [FML/]: Examining for coremod candidacy mcjtylib-1.8.1.jar
[04:08:44] [main/DEBUG] [FML/]: Not found coremod data in mcjtylib-1.8.1.jar
[04:08:44] [main/DEBUG] [FML/]: Examining for coremod candidacy ModTweaker2-0.9.5.jar
[04:08:44] [main/DEBUG] [FML/]: Not found coremod data in ModTweaker2-0.9.5.jar
[04:08:44] [main/DEBUG] [FML/]: Examining for coremod candidacy ModularPowersuits-0.11.0.300.jar
[04:08:44] [main/DEBUG] [FML/]: Not found coremod data in ModularPowersuits-0.11.0.300.jar
[04:08:44] [main/DEBUG] [FML/]: Examining for coremod candidacy Morpheus-1.7.10-1.6.20.jar
[04:08:44] [main/DEBUG] [FML/]: Not found coremod data in Morpheus-1.7.10-1.6.20.jar
[04:08:44] [main/DEBUG] [FML/]: Examining for coremod candidacy neiaddons-1.12.14.40-mc1.7.10.jar
[04:08:44] [main/DEBUG] [FML/]: Not found coremod data in neiaddons-1.12.14.40-mc1.7.10.jar
[04:08:44] [main/DEBUG] [FML/]: Examining for coremod candidacy NEIIntegration-MC1.7.10-1.1.1.jar
[04:08:44] [main/DEBUG] [FML/]: Not found coremod data in NEIIntegration-MC1.7.10-1.1.1.jar
[04:08:44] [main/DEBUG] [FML/]: Examining for coremod candidacy NotEnoughItems-1.7.10-1.0.5.118-universal.jar
[04:08:44] [main/TRACE] [FML/]: Adding NotEnoughItems-1.7.10-1.0.5.118-universal.jar to the list of known coremods, it will not be examined again
[04:08:44] [main/DEBUG] [FML/]: Instantiating coremod class NEICorePlugin
[04:08:44] [main/WARN] [FML/]: The coremod codechicken.nei.asm.NEICorePlugin does not have a MCVersion annotation, it may cause issues with this version of Minecraft
[04:08:44] [main/DEBUG] [FML/]: Enqueued coremod NEICorePlugin
[04:08:44] [main/DEBUG] [FML/]: Examining for coremod candidacy NotEnoughResources-1.7.10-0.1.0-121.jar
[04:08:44] [main/DEBUG] [FML/]: Not found coremod data in NotEnoughResources-1.7.10-0.1.0-121.jar
[04:08:44] [main/DEBUG] [FML/]: Examining for coremod candidacy Numina-0.4.0.119.jar
[04:08:44] [main/DEBUG] [FML/]: Not found coremod data in Numina-0.4.0.119.jar
[04:08:44] [main/DEBUG] [FML/]: Examining for coremod candidacy ObsidianBoat-1.7.10-1.3.2.jar
[04:08:44] [main/DEBUG] [FML/]: Not found coremod data in ObsidianBoat-1.7.10-1.3.2.jar
[04:08:44] [main/DEBUG] [FML/]: Examining for coremod candidacy OpenBlocks-1.7.10-1.5.1.jar
[04:08:44] [main/TRACE] [FML/]: Found FMLCorePluginContainsFMLMod marker in OpenBlocks-1.7.10-1.5.1.jar, it will be examined later for regular @Mod instances
[04:08:44] [main/DEBUG] [FML/]: Instantiating coremod class OpenBlocksCorePlugin
[04:08:44] [main/WARN] [FML/]: The coremod openblocks.OpenBlocksCorePlugin does not have a MCVersion annotation, it may cause issues with this version of Minecraft
[04:08:44] [main/DEBUG] [FML/]: Enqueued coremod OpenBlocksCorePlugin
[04:08:44] [main/DEBUG] [FML/]: Examining for coremod candidacy OpenComputers-MC1.7.10-1.5.22.46-universal.jar
[04:08:44] [main/TRACE] [FML/]: Found FMLCorePluginContainsFMLMod marker in OpenComputers-MC1.7.10-1.5.22.46-universal.jar, it will be examined later for regular @Mod instances
[04:08:44] [main/DEBUG] [FML/]: Instantiating coremod class TransformerLoader
[04:08:44] [main/DEBUG] [FML/]: The coremod li.cil.oc.common.launch.TransformerLoader requested minecraft version 1.7.10 and minecraft is 1.7.10. It will be loaded.
[04:08:44] [main/DEBUG] [FML/]: Enqueued coremod TransformerLoader
[04:08:44] [main/DEBUG] [FML/]: Examining for coremod candidacy OpenModsLib-1.7.10-0.9.1.jar
[04:08:44] [main/TRACE] [FML/]: Found FMLCorePluginContainsFMLMod marker in OpenModsLib-1.7.10-0.9.1.jar, it will be examined later for regular @Mod instances
[04:08:44] [main/DEBUG] [FML/]: Instantiating coremod class OpenModsCorePlugin
[04:08:44] [main/WARN] [FML/]: The coremod openmods.core.OpenModsCorePlugin does not have a MCVersion annotation, it may cause issues with this version of Minecraft
[04:08:44] [main/DEBUG] [OpenMods/]: openmods.core.OpenModsCorePlugin.<init>(OpenModsCorePlugin.java:19): <OpenModsLib 0.9.1>\o
[04:08:44] [main/DEBUG] [FML/]: Enqueued coremod OpenModsCorePlugin
[04:08:44] [main/DEBUG] [FML/]: Examining for coremod candidacy OpenModularTurrets-1.7.10-2.1.8-199.jar
[04:08:44] [main/DEBUG] [FML/]: Not found coremod data in OpenModularTurrets-1.7.10-2.1.8-199.jar
[04:08:44] [main/DEBUG] [FML/]: Examining for coremod candidacy OpenPeripheralAddons-1.7.10-0.5.1.jar
[04:08:44] [main/DEBUG] [FML/]: Not found coremod data in OpenPeripheralAddons-1.7.10-0.5.1.jar
[04:08:44] [main/DEBUG] [FML/]: Examining for coremod candidacy OpenPeripheralCore-1.7.10-1.3.jar
[04:08:44] [main/DEBUG] [FML/]: Not found coremod data in OpenPeripheralCore-1.7.10-1.3.jar
[04:08:44] [main/DEBUG] [FML/]: Examining for coremod candidacy OpenPeripheralIntegration-1.7.10-0.5.jar
[04:08:44] [main/DEBUG] [FML/]: Not found coremod data in OpenPeripheralIntegration-1.7.10-0.5.jar
[04:08:44] [main/DEBUG] [FML/]: Examining for coremod candidacy Practical-Logistics-1.7.10-0.1.0.jar
[04:08:44] [main/DEBUG] [FML/]: Not found coremod data in Practical-Logistics-1.7.10-0.1.0.jar
[04:08:44] [main/DEBUG] [FML/]: Examining for coremod candidacy ProjectE-1.7.10-PE1.9.5.jar
[04:08:44] [main/DEBUG] [FML/]: Not found coremod data in ProjectE-1.7.10-PE1.9.5.jar
[04:08:44] [main/DEBUG] [FML/]: Examining for coremod candidacy Railcraft_1.7.10-9.8.0.0.jar
[04:08:44] [main/DEBUG] [FML/]: Not found coremod data in Railcraft_1.7.10-9.8.0.0.jar
[04:08:44] [main/DEBUG] [FML/]: Examining for coremod candidacy RandomThings-2.2.4.jar
[04:08:44] [main/TRACE] [FML/]: Found FMLCorePluginContainsFMLMod marker in RandomThings-2.2.4.jar, it will be examined later for regular @Mod instances
[04:08:44] [main/DEBUG] [FML/]: Instantiating coremod class RTLoadingPlugin
[04:08:44] [main/WARN] [FML/]: The coremod lumien.randomthings.Transformer.RTLoadingPlugin does not have a MCVersion annotation, it may cause issues with this version of Minecraft
[04:08:44] [main/DEBUG] [FML/]: Enqueued coremod RTLoadingPlugin
[04:08:44] [main/DEBUG] [FML/]: Examining for coremod candidacy rftools-4.21.jar
[04:08:44] [main/DEBUG] [FML/]: Not found coremod data in rftools-4.21.jar
[04:08:44] [main/DEBUG] [FML/]: Examining for coremod candidacy RopeBridge-v1.2-mc1.7.10.jar
[04:08:44] [main/DEBUG] [FML/]: Not found coremod data in RopeBridge-v1.2-mc1.7.10.jar
[04:08:44] [main/DEBUG] [FML/]: Examining for coremod candidacy runicdungeons-1.1.6a.jar
[04:08:44] [main/DEBUG] [FML/]: Not found coremod data in runicdungeons-1.1.6a.jar
[04:08:44] [main/DEBUG] [FML/]: Examining for coremod candidacy secretroomsmod-1.7.10-4.7.1.406.jar
[04:08:44] [main/DEBUG] [FML/]: Not found coremod data in secretroomsmod-1.7.10-4.7.1.406.jar
[04:08:44] [main/DEBUG] [FML/]: Examining for coremod candidacy SimplyJetpacks-MC1.7.10-1.5.3.jar
[04:08:44] [main/DEBUG] [FML/]: Not found coremod data in SimplyJetpacks-MC1.7.10-1.5.3.jar
[04:08:44] [main/DEBUG] [FML/]: Examining for coremod candidacy SonarCore-1.7.10-1.0.5.jar
[04:08:44] [main/DEBUG] [FML/]: Not found coremod data in SonarCore-1.7.10-1.0.5.jar
[04:08:44] [main/DEBUG] [FML/]: Examining for coremod candidacy StalkerCreepers-1.7.10.jar
[04:08:44] [main/TRACE] [FML/]: Found FMLCorePluginContainsFMLMod marker in StalkerCreepers-1.7.10.jar, it will be examined later for regular @Mod instances
[04:08:44] [main/DEBUG] [FML/]: Instantiating coremod class SCFMLCorePlugin
[04:08:44] [main/WARN] [FML/]: The coremod atomicstryker.stalkercreepers.common.SCFMLCorePlugin does not have a MCVersion annotation, it may cause issues with this version of Minecraft
[04:08:44] [main/DEBUG] [FML/]: Enqueued coremod SCFMLCorePlugin
[04:08:44] [main/DEBUG] [FML/]: Examining for coremod candidacy Stefinus Guns-0.5.2.jar
[04:08:44] [main/DEBUG] [FML/]: Not found coremod data in Stefinus Guns-0.5.2.jar
[04:08:44] [main/DEBUG] [FML/]: Examining for coremod candidacy StevesWorkshop-0.5.1.jar
[04:08:44] [main/DEBUG] [FML/]: Not found coremod data in StevesWorkshop-0.5.1.jar
[04:08:44] [main/DEBUG] [FML/]: Examining for coremod candidacy StorageDrawers-1.7.10-1.7.8.jar
[04:08:44] [main/DEBUG] [FML/]: Not found coremod data in StorageDrawers-1.7.10-1.7.8.jar
[04:08:44] [main/DEBUG] [FML/]: Examining for coremod candidacy StorageDrawers-Forestry-1.7.10-1.1.2.jar
[04:08:44] [main/DEBUG] [FML/]: Not found coremod data in StorageDrawers-Forestry-1.7.10-1.1.2.jar
[04:08:44] [main/DEBUG] [FML/]: Examining for coremod candidacy StorageDrawers-Misc-1.7.10-1.1.2.jar
[04:08:44] [main/DEBUG] [FML/]: Not found coremod data in StorageDrawers-Misc-1.7.10-1.1.2.jar
[04:08:44] [main/DEBUG] [FML/]: Examining for coremod candidacy supercraftingframe-1.7.10.3.jar
[04:08:44] [main/DEBUG] [FML/]: Not found coremod data in supercraftingframe-1.7.10.3.jar
[04:08:44] [main/DEBUG] [FML/]: Examining for coremod candidacy TConstruct-1.7.10-1.8.8.jar
[04:08:44] [main/DEBUG] [FML/]: Not found coremod data in TConstruct-1.7.10-1.8.8.jar
[04:08:44] [main/DEBUG] [FML/]: Examining for coremod candidacy thermalcasting-0.0.3.jar
[04:08:44] [main/DEBUG] [FML/]: Not found coremod data in thermalcasting-0.0.3.jar
[04:08:44] [main/DEBUG] [FML/]: Examining for coremod candidacy ThermalExpansion-[1.7.10]4.1.1-237.jar
[04:08:44] [main/DEBUG] [FML/]: Not found coremod data in ThermalExpansion-[1.7.10]4.1.1-237.jar
[04:08:44] [main/DEBUG] [FML/]: Examining for coremod candidacy ThermalFoundation-[1.7.10]1.2.2-111.jar
[04:08:44] [main/DEBUG] [FML/]: Not found coremod data in ThermalFoundation-[1.7.10]1.2.2-111.jar
[04:08:44] [main/DEBUG] [FML/]: Examining for coremod candidacy ThermalSmeltery-1.3.1.4.jar
[04:08:44] [main/DEBUG] [FML/]: Not found coremod data in ThermalSmeltery-1.3.1.4.jar
[04:08:44] [main/DEBUG] [FML/]: Examining for coremod candidacy TiCTooltips-mc1.7.10-1.2.5.jar
[04:08:44] [main/DEBUG] [FML/]: Not found coremod data in TiCTooltips-mc1.7.10-1.2.5.jar
[04:08:44] [main/DEBUG] [FML/]: Examining for coremod candidacy TMechworks-1.7.10-0.2.15.106.jar
[04:08:44] [main/DEBUG] [FML/]: Not found coremod data in TMechworks-1.7.10-0.2.15.106.jar
[04:08:44] [main/DEBUG] [FML/]: Examining for coremod candidacy TooManyOres-1.7.10-1.0.7.jar
[04:08:44] [main/DEBUG] [FML/]: Not found coremod data in TooManyOres-1.7.10-1.0.7.jar
[04:08:44] [main/DEBUG] [FML/]: Examining for coremod candidacy TSteelworks-1.7.10-1.1.2-19.jar
[04:08:44] [main/DEBUG] [FML/]: Not found coremod data in TSteelworks-1.7.10-1.1.2-19.jar
[04:08:44] [main/DEBUG] [FML/]: Examining for coremod candidacy twilightforest-1.7.10-2.3.7.jar
[04:08:44] [main/DEBUG] [FML/]: Not found coremod data in twilightforest-1.7.10-2.3.7.jar
[04:08:44] [main/DEBUG] [FML/]: Examining for coremod candidacy Waila-1.5.10_1.7.10.jar
[04:08:44] [main/DEBUG] [FML/]: Not found coremod data in Waila-1.5.10_1.7.10.jar
[04:08:44] [main/DEBUG] [FML/]: Examining for coremod candidacy Waila-Inhibitors-1.1.0.jar
[04:08:44] [main/DEBUG] [FML/]: Not found coremod data in Waila-Inhibitors-1.1.0.jar
[04:08:44] [main/DEBUG] [FML/]: Examining for coremod candidacy WailaEvents-1.0.0.jar
[04:08:44] [main/TRACE] [FML/]: Found FMLCorePluginContainsFMLMod marker in WailaEvents-1.0.0.jar, it will be examined later for regular @Mod instances
[04:08:44] [main/DEBUG] [FML/]: Instantiating coremod class WailaEventsLoadingPlugin
[04:08:44] [main/DEBUG] [FML/]: The coremod net.darkhax.wailaevents.asm.WailaEventsLoadingPlugin requested minecraft version 1.7.10 and minecraft is 1.7.10. It will be loaded.
[04:08:44] [main/DEBUG] [FML/]: Enqueued coremod WailaEventsLoadingPlugin
[04:08:44] [main/DEBUG] [FML/]: Examining for coremod candidacy WailaHarvestability-mc1.7.10-1.1.6.jar
[04:08:44] [main/DEBUG] [FML/]: Not found coremod data in WailaHarvestability-mc1.7.10-1.1.6.jar
[04:08:44] [main/DEBUG] [FML/]: Examining for coremod candidacy WAILAPlugins-MC1.7.10-0.2.0-23.jar
[04:08:44] [main/DEBUG] [FML/]: Not found coremod data in WAILAPlugins-MC1.7.10-0.2.0-23.jar
[04:08:44] [main/DEBUG] [FML/]: Examining for coremod candidacy Wawla-1.3.3-1.7.10.jar
[04:08:44] [main/DEBUG] [FML/]: Not found coremod data in Wawla-1.3.3-1.7.10.jar
[04:08:44] [main/DEBUG] [FML/]: Examining for coremod candidacy Ztones-1.7.10-2.2.1.jar
[04:08:44] [main/DEBUG] [FML/]: Not found coremod data in Ztones-1.7.10-2.2.1.jar
[04:08:44] [main/INFO] [LaunchWrapper/]: Loading tweak class name cpw.mods.fml.common.launcher.FMLInjectionAndSortingTweaker
[04:08:44] [main/INFO] [LaunchWrapper/]: Loading tweak class name forestry.shade.javacheck.Java7Checker
[04:08:44] [main/INFO] [LaunchWrapper/]: Loading tweak class name cpw.mods.fml.common.launcher.FMLDeobfTweaker
[04:08:44] [main/INFO] [LaunchWrapper/]: Calling tweak class cpw.mods.fml.common.launcher.FMLInjectionAndSortingTweaker
[04:08:44] [main/INFO] [LaunchWrapper/]: Calling tweak class cpw.mods.fml.common.launcher.FMLInjectionAndSortingTweaker
[04:08:44] [main/INFO] [LaunchWrapper/]: Calling tweak class cpw.mods.fml.relauncher.CoreModManager$FMLPluginWrapper
[04:08:44] [main/DEBUG] [FML/]: Injecting coremod FMLCorePlugin {cpw.mods.fml.relauncher.FMLCorePlugin} class transformers
[04:08:44] [main/TRACE] [FML/]: Registering transformer cpw.mods.fml.common.asm.transformers.MarkerTransformer
[04:08:44] [main/TRACE] [FML/]: Registering transformer cpw.mods.fml.common.asm.transformers.SideTransformer
[04:08:44] [main/TRACE] [FML/]: Registering transformer cpw.mods.fml.common.asm.transformers.EventSubscriptionTransformer
[04:08:44] [main/DEBUG] [FML/]: Injection complete
[04:08:44] [main/DEBUG] [FML/]: Running coremod plugin for FMLCorePlugin {cpw.mods.fml.relauncher.FMLCorePlugin}
[04:08:44] [main/DEBUG] [FML/]: Running coremod plugin FMLCorePlugin
[04:08:46] [main/DEBUG] [FML/]: Read 527 binary patches
[04:08:48] [main/INFO] [FML/]: Found valid fingerprint for Minecraft Forge. Certificate fingerprint e3c3d50c7c986df74c645c0ac54639741c90a557
[04:08:48] [main/DEBUG] [FML/]: Coremod plugin class FMLCorePlugin run successfully
[04:08:48] [main/INFO] [LaunchWrapper/]: Calling tweak class cpw.mods.fml.relauncher.CoreModManager$FMLPluginWrapper
[04:08:48] [main/DEBUG] [FML/]: Injecting coremod FMLForgePlugin {net.minecraftforge.classloading.FMLForgePlugin} class transformers
[04:08:48] [main/TRACE] [FML/]: Registering transformer net.minecraftforge.classloading.FluidIdTransformer
[04:08:48] [main/DEBUG] [FML/]: Injection complete
[04:08:48] [main/DEBUG] [FML/]: Running coremod plugin for FMLForgePlugin {net.minecraftforge.classloading.FMLForgePlugin}
[04:08:48] [main/DEBUG] [FML/]: Running coremod plugin FMLForgePlugin
[04:08:48] [main/DEBUG] [FML/]: Coremod plugin class FMLForgePlugin run successfully
[04:08:48] [main/INFO] [LaunchWrapper/]: Calling tweak class cpw.mods.fml.relauncher.CoreModManager$FMLPluginWrapper
[04:08:48] [main/DEBUG] [FML/]: Injecting coremod CCCDeobfPlugin {codechicken.core.asm.MCPDeobfuscationTransformer$LoadPlugin} class transformers
[04:08:48] [main/DEBUG] [FML/]: Injection complete
[04:08:48] [main/DEBUG] [FML/]: Running coremod plugin for CCCDeobfPlugin {codechicken.core.asm.MCPDeobfuscationTransformer$LoadPlugin}
[04:08:48] [main/DEBUG] [FML/]: Running coremod plugin CCCDeobfPlugin
[04:08:48] [main/DEBUG] [FML/]: Coremod plugin class LoadPlugin run successfully
[04:08:48] [main/INFO] [LaunchWrapper/]: Calling tweak class cpw.mods.fml.relauncher.CoreModManager$FMLPluginWrapper
[04:08:48] [main/DEBUG] [FML/]: Injecting coremod AppEngCore {appeng.transformer.AppEngCore} class transformers
[04:08:48] [main/TRACE] [FML/]: Registering transformer appeng.transformer.asm.ASMIntegration
[04:08:49] [main/DEBUG] [FML/]: Injection complete
[04:08:49] [main/DEBUG] [FML/]: Running coremod plugin for AppEngCore {appeng.transformer.AppEngCore}
[04:08:49] [main/DEBUG] [FML/]: Running coremod plugin AppEngCore
[04:08:49] [main/DEBUG] [FML/]: Coremod plugin class AppEngCore run successfully
[04:08:49] [main/INFO] [LaunchWrapper/]: Calling tweak class cpw.mods.fml.relauncher.CoreModManager$FMLPluginWrapper
[04:08:49] [main/DEBUG] [FML/]: Injecting coremod CodeChickenCorePlugin {codechicken.core.launch.CodeChickenCorePlugin} class transformers
[04:08:49] [main/TRACE] [FML/]: Registering transformer codechicken.lib.asm.ClassHeirachyManager
[04:08:49] [main/TRACE] [FML/]: Registering transformer codechicken.core.asm.InterfaceDependancyTransformer
[04:08:49] [main/TRACE] [FML/]: Registering transformer codechicken.core.asm.TweakTransformer
[04:08:49] [main/TRACE] [FML/]: Registering transformer codechicken.core.asm.DelegatedTransformer
[04:08:49] [main/TRACE] [FML/]: Registering transformer codechicken.core.asm.DefaultImplementationTransformer
[04:08:49] [main/DEBUG] [FML/]: Injection complete
[04:08:49] [main/DEBUG] [FML/]: Running coremod plugin for CodeChickenCorePlugin {codechicken.core.launch.CodeChickenCorePlugin}
[04:08:49] [main/DEBUG] [FML/]: Running coremod plugin CodeChickenCorePlugin
[04:08:49] [main/DEBUG] [FML/]: Coremod plugin class CodeChickenCorePlugin run successfully
[04:08:49] [main/INFO] [LaunchWrapper/]: Calling tweak class cpw.mods.fml.relauncher.CoreModManager$FMLPluginWrapper
[04:08:49] [main/DEBUG] [FML/]: Injecting coremod CookieCoreASM {nf.fr.ephys.cookiecore.common.CookieCoreASM} class transformers
[04:08:49] [main/DEBUG] [FML/]: Injection complete
[04:08:49] [main/DEBUG] [FML/]: Running coremod plugin for CookieCoreASM {nf.fr.ephys.cookiecore.common.CookieCoreASM}
[04:08:49] [main/DEBUG] [FML/]: Running coremod plugin CookieCoreASM
[04:08:49] [main/DEBUG] [FML/]: Coremod plugin class CookieCoreASM run successfully
[04:08:49] [main/INFO] [LaunchWrapper/]: Calling tweak class cpw.mods.fml.relauncher.CoreModManager$FMLPluginWrapper
[04:08:49] [main/DEBUG] [FML/]: Injecting coremod DepLoader {codechicken.core.launch.DepLoader} class transformers
[04:08:49] [main/DEBUG] [FML/]: Injection complete
[04:08:49] [main/DEBUG] [FML/]: Running coremod plugin for DepLoader {codechicken.core.launch.DepLoader}
[04:08:49] [main/DEBUG] [FML/]: Running coremod plugin DepLoader
[04:08:49] [main/DEBUG] [FML/]: Coremod plugin class DepLoader run successfully
[04:08:49] [main/INFO] [LaunchWrapper/]: Calling tweak class cpw.mods.fml.relauncher.CoreModManager$FMLPluginWrapper
[04:08:49] [main/DEBUG] [FML/]: Injecting coremod LoadingPlugin {myrathi.infinibows.LoadingPlugin} class transformers
[04:08:49] [main/TRACE] [FML/]: Registering transformer myrathi.infinibows.asm.BowTransformer
[04:08:49] [main/DEBUG] [FML/]: Injection complete
[04:08:49] [main/DEBUG] [FML/]: Running coremod plugin for LoadingPlugin {myrathi.infinibows.LoadingPlugin}
[04:08:49] [main/DEBUG] [FML/]: Running coremod plugin LoadingPlugin
[04:08:49] [main/DEBUG] [InfiniBows/]: Located mcmod.info file
[04:08:50] [main/DEBUG] [InfiniBows/]: Located mcmod.info file
[04:08:50] [main/DEBUG] [FML/]: Coremod plugin class LoadingPlugin run successfully
[04:08:50] [main/INFO] [LaunchWrapper/]: Calling tweak class cpw.mods.fml.relauncher.CoreModManager$FMLPluginWrapper
[04:08:50] [main/DEBUG] [FML/]: Injecting coremod INpurePreLoader {info.inpureprojects.core.Preloader.INpurePreLoader} class transformers
[04:08:50] [main/DEBUG] [FML/]: Injection complete
[04:08:50] [main/DEBUG] [FML/]: Running coremod plugin for INpurePreLoader {info.inpureprojects.core.Preloader.INpurePreLoader}
[04:08:50] [main/DEBUG] [FML/]: Running coremod plugin INpurePreLoader
[04:08:50] [main/INFO] [INpurePreloader/]: Attempting to detect JVM version...
[04:08:50] [main/INFO] [INpurePreloader/]: Detected JVM: 1.8
[04:08:50] [main/INFO] [INpurePreloader/]: Starting library configuration...
[04:08:50] [main/INFO] [INpureLogInterceptor/]: System attached to FML. Now intercepting all logging calls.
[04:08:50] [main/DEBUG] [FML/]: Coremod plugin class INpurePreLoader run successfully
[04:08:50] [main/INFO] [LaunchWrapper/]: Calling tweak class cpw.mods.fml.relauncher.CoreModManager$FMLPluginWrapper
[04:08:50] [main/DEBUG] [FML/]: Injecting coremod FMLPlugin {invtweaks.forge.asm.FMLPlugin} class transformers
[04:08:50] [main/TRACE] [FML/]: Registering transformer invtweaks.forge.asm.ContainerTransformer
[04:08:50] [main/DEBUG] [FML/]: Injection complete
[04:08:50] [main/DEBUG] [FML/]: Running coremod plugin for FMLPlugin {invtweaks.forge.asm.FMLPlugin}
[04:08:50] [main/DEBUG] [FML/]: Running coremod plugin FMLPlugin
[04:08:50] [main/DEBUG] [FML/]: Coremod plugin class FMLPlugin run successfully
[04:08:50] [main/INFO] [LaunchWrapper/]: Calling tweak class cpw.mods.fml.relauncher.CoreModManager$FMLPluginWrapper
[04:08:50] [main/DEBUG] [FML/]: Injecting coremod LogisticsPipesCoreLoader {logisticspipes.asm.LogisticsPipesCoreLoader} class transformers
[04:08:50] [main/TRACE] [FML/]: Registering transformer logisticspipes.asm.LogisticsClassTransformer
[04:08:51] [main/DEBUG] [FML/]: Injection complete
[04:08:51] [main/DEBUG] [FML/]: Running coremod plugin for LogisticsPipesCoreLoader {logisticspipes.asm.LogisticsPipesCoreLoader}
[04:08:51] [main/DEBUG] [FML/]: Running coremod plugin LogisticsPipesCoreLoader
[04:08:51] [main/DEBUG] [FML/]: Coremod plugin class LogisticsPipesCoreLoader run successfully
[04:08:51] [main/INFO] [LaunchWrapper/]: Calling tweak class cpw.mods.fml.relauncher.CoreModManager$FMLPluginWrapper
[04:08:51] [main/DEBUG] [FML/]: Injecting coremod NEICorePlugin {codechicken.nei.asm.NEICorePlugin} class transformers
[04:08:51] [main/TRACE] [FML/]: Registering transformer codechicken.nei.asm.NEITransformer
