[00:02:41] [Client thread/INFO]: Connecting to 192.168.1.249, 25565
[00:06:16] [Client thread/INFO]: [CHAT] Teleported lakotajames to -232.5,65.5,109.5
[00:29:34] [Client thread/INFO]: [CHAT] lakotajames has just earned the achievement [Birds on a Wire]
[00:42:31] [Client thread/INFO]: [CHAT] changelog, clearKnowledge, setEMC, reloadEMC, removeEMC, resetEMC
[00:42:32] [Client thread/INFO]: [CHAT] changelog, clearKnowledge, setEMC, reloadEMC, removeEMC, resetEMC
[00:42:32] [Client thread/INFO]: [CHAT] changelog, clearKnowledge, setEMC, reloadEMC, removeEMC, resetEMC
[00:42:32] [Client thread/INFO]: [CHAT] changelog, clearKnowledge, setEMC, reloadEMC, removeEMC, resetEMC
[00:42:42] [Client thread/INFO]: [CHAT] Set EMC value for Magneticraft:item.dust to 128!
[00:42:42] [Client thread/INFO]: [CHAT] Restart or use "/projecte reloadEMC" when all changes are complete.
[00:42:56] [Client thread/INFO]: [CHAT] Reloading EMC values, expect lag.
[00:42:58] [Client thread/INFO]: [CHAT] EMC reload complete. Sending updated data to clients.
[01:07:03] [Client thread/INFO]: [CHAT] Average EMC for 27 blocks: 10
[01:07:03] [Client thread/INFO]: [CHAT] Max EMC: 128
[01:07:03] [Client thread/INFO]: [CHAT] Second Max EMC: 1
[01:07:03] [Client thread/INFO]: [CHAT] Third Max EMC: 1
[01:07:06] [Client thread/INFO]: [CHAT] Average EMC for 19 blocks: 1
[01:07:06] [Client thread/INFO]: [CHAT] Max EMC: 1
[01:07:06] [Client thread/INFO]: [CHAT] Second Max EMC: 1
[01:07:06] [Client thread/INFO]: [CHAT] Third Max EMC: 1
[01:07:06] [Client thread/INFO]: [CHAT] Average EMC for 25 blocks: 11
[01:07:06] [Client thread/INFO]: [CHAT] Max EMC: 128
[01:07:06] [Client thread/INFO]: [CHAT] Second Max EMC: 1
[01:07:06] [Client thread/INFO]: [CHAT] Third Max EMC: 1
[01:07:07] [Client thread/INFO]: [CHAT] Average EMC for 26 blocks: 1
[01:07:07] [Client thread/INFO]: [CHAT] Max EMC: 1
[01:07:07] [Client thread/INFO]: [CHAT] Second Max EMC: 1
[01:07:07] [Client thread/INFO]: [CHAT] Third Max EMC: 1
[01:07:08] [Client thread/INFO]: [CHAT] Average EMC for 26 blocks: 1
[01:07:08] [Client thread/INFO]: [CHAT] Max EMC: 1
[01:07:08] [Client thread/INFO]: [CHAT] Second Max EMC: 1
[01:07:08] [Client thread/INFO]: [CHAT] Third Max EMC: 1
[01:07:08] [Client thread/INFO]: [CHAT] Average EMC for 26 blocks: 1
[01:07:08] [Client thread/INFO]: [CHAT] Max EMC: 1
[01:07:08] [Client thread/INFO]: [CHAT] Second Max EMC: 1
[01:07:08] [Client thread/INFO]: [CHAT] Third Max EMC: 1
[01:07:09] [Client thread/INFO]: [CHAT] Average EMC for 27 blocks: 6
[01:07:09] [Client thread/INFO]: [CHAT] Max EMC: 128
[01:07:09] [Client thread/INFO]: [CHAT] Second Max EMC: 9
[01:07:09] [Client thread/INFO]: [CHAT] Third Max EMC: 1
[01:07:09] [Client thread/INFO]: [CHAT] Average EMC for 26 blocks: 10
[01:07:09] [Client thread/INFO]: [CHAT] Max EMC: 128
[01:07:09] [Client thread/INFO]: [CHAT] Second Max EMC: 1
[01:07:09] [Client thread/INFO]: [CHAT] Third Max EMC: 1
[01:07:10] [Client thread/INFO]: [CHAT] Average EMC for 27 blocks: 14
[01:07:10] [Client thread/INFO]: [CHAT] Max EMC: 126
[01:07:10] [Client thread/INFO]: [CHAT] Second Max EMC: 1
[01:07:10] [Client thread/INFO]: [CHAT] Third Max EMC: 1
[01:07:11] [Client thread/INFO]: [CHAT] Average EMC for 27 blocks: 14
[01:07:11] [Client thread/INFO]: [CHAT] Max EMC: 126
[01:07:11] [Client thread/INFO]: [CHAT] Second Max EMC: 1
[01:07:11] [Client thread/INFO]: [CHAT] Third Max EMC: 1
[01:07:11] [Client thread/INFO]: [CHAT] Average EMC for 27 blocks: 1
[01:07:11] [Client thread/INFO]: [CHAT] Max EMC: 1
[01:07:11] [Client thread/INFO]: [CHAT] Second Max EMC: 1
[01:07:11] [Client thread/INFO]: [CHAT] Third Max EMC: 1
[01:07:12] [Client thread/INFO]: [CHAT] Average EMC for 27 blocks: 1
[01:07:12] [Client thread/INFO]: [CHAT] Max EMC: 1
[01:07:12] [Client thread/INFO]: [CHAT] Second Max EMC: 1
[01:07:12] [Client thread/INFO]: [CHAT] Third Max EMC: 1
[01:07:13] [Client thread/INFO]: [CHAT] Average EMC for 27 blocks: 1
[01:07:13] [Client thread/INFO]: [CHAT] Max EMC: 1
[01:07:13] [Client thread/INFO]: [CHAT] Second Max EMC: 1
[01:07:13] [Client thread/INFO]: [CHAT] Third Max EMC: 1
[01:07:13] [Client thread/INFO]: [CHAT] Average EMC for 27 blocks: 5
[01:07:13] [Client thread/INFO]: [CHAT] Max EMC: 128
[01:07:13] [Client thread/INFO]: [CHAT] Second Max EMC: 1
[01:07:13] [Client thread/INFO]: [CHAT] Third Max EMC: 1
[01:07:13] [Client thread/INFO]: [CHAT] Average EMC for 27 blocks: 15
[01:07:13] [Client thread/INFO]: [CHAT] Max EMC: 128
[01:07:13] [Client thread/INFO]: [CHAT] Second Max EMC: 1
[01:07:13] [Client thread/INFO]: [CHAT] Third Max EMC: 1
[01:07:14] [Client thread/INFO]: [CHAT] Average EMC for 27 blocks: 10
[01:07:14] [Client thread/INFO]: [CHAT] Max EMC: 128
[01:07:14] [Client thread/INFO]: [CHAT] Second Max EMC: 1
[01:07:14] [Client thread/INFO]: [CHAT] Third Max EMC: 1
[01:07:15] [Client thread/INFO]: [CHAT] Average EMC for 27 blocks: 1
[01:07:15] [Client thread/INFO]: [CHAT] Max EMC: 1
[01:07:15] [Client thread/INFO]: [CHAT] Second Max EMC: 1
[01:07:15] [Client thread/INFO]: [CHAT] Third Max EMC: 1
[01:07:15] [Client thread/INFO]: [CHAT] Average EMC for 27 blocks: 1
[01:07:15] [Client thread/INFO]: [CHAT] Max EMC: 1
[01:07:15] [Client thread/INFO]: [CHAT] Second Max EMC: 1
[01:07:15] [Client thread/INFO]: [CHAT] Third Max EMC: 1
[01:07:16] [Client thread/INFO]: [CHAT] Average EMC for 27 blocks: 1
[01:07:16] [Client thread/INFO]: [CHAT] Max EMC: 1
[01:07:16] [Client thread/INFO]: [CHAT] Second Max EMC: 1
[01:07:16] [Client thread/INFO]: [CHAT] Third Max EMC: 1
[01:07:16] [Client thread/INFO]: [CHAT] Average EMC for 27 blocks: 1
[01:07:16] [Client thread/INFO]: [CHAT] Max EMC: 1
[01:07:16] [Client thread/INFO]: [CHAT] Second Max EMC: 1
[01:07:16] [Client thread/INFO]: [CHAT] Third Max EMC: 1
[01:07:16] [Client thread/INFO]: [CHAT] Average EMC for 27 blocks: 1
[01:07:16] [Client thread/INFO]: [CHAT] Max EMC: 1
[01:07:16] [Client thread/INFO]: [CHAT] Second Max EMC: 1
[01:07:16] [Client thread/INFO]: [CHAT] Third Max EMC: 1
[01:07:17] [Client thread/INFO]: [CHAT] Average EMC for 26 blocks: 1
[01:07:17] [Client thread/INFO]: [CHAT] Max EMC: 1
[01:07:17] [Client thread/INFO]: [CHAT] Second Max EMC: 1
[01:07:17] [Client thread/INFO]: [CHAT] Third Max EMC: 1
[01:07:17] [Client thread/INFO]: [CHAT] Average EMC for 23 blocks: 11
[01:07:17] [Client thread/INFO]: [CHAT] Max EMC: 126
[01:07:17] [Client thread/INFO]: [CHAT] Second Max EMC: 1
[01:07:17] [Client thread/INFO]: [CHAT] Third Max EMC: 1
[01:07:17] [Client thread/INFO]: [CHAT] Average EMC for 27 blocks: 5
[01:07:17] [Client thread/INFO]: [CHAT] Max EMC: 128
[01:07:17] [Client thread/INFO]: [CHAT] Second Max EMC: 1
[01:07:17] [Client thread/INFO]: [CHAT] Third Max EMC: 1
[01:07:18] [Client thread/INFO]: [CHAT] Average EMC for 24 blocks: 1
[01:07:18] [Client thread/INFO]: [CHAT] Max EMC: 1
[01:07:18] [Client thread/INFO]: [CHAT] Second Max EMC: 1
[01:07:18] [Client thread/INFO]: [CHAT] Third Max EMC: 1
[01:07:19] [Client thread/INFO]: [CHAT] Average EMC for 27 blocks: 10
[01:07:19] [Client thread/INFO]: [CHAT] Max EMC: 128
[01:07:19] [Client thread/INFO]: [CHAT] Second Max EMC: 1
[01:07:19] [Client thread/INFO]: [CHAT] Third Max EMC: 1
[01:07:19] [Client thread/INFO]: [CHAT] Average EMC for 27 blocks: 5
[01:07:19] [Client thread/INFO]: [CHAT] Max EMC: 128
[01:07:19] [Client thread/INFO]: [CHAT] Second Max EMC: 1
[01:07:19] [Client thread/INFO]: [CHAT] Third Max EMC: 1
[01:11:25] [Client thread/INFO]: Stopping!
